android/app/build/outputs/logs/manifest-merger-debug-report.txt
-- Merging decision tree log ---
manifest
ADDED from src\main\AndroidManifest.xml:1:1-108:12
INJECTED from src\main\AndroidManifest.xml:1:1-108:12
INJECTED from src\main\AndroidManifest.xml:1:1-108:12
INJECTED from src\main\AndroidManifest.xml:1:1-108:12
MERGED from src\main\AndroidManifest.xml:1:1-108:12
MERGED from [:cloud_firestore] AndroidManifest.xml:2:1-15:12
MERGED from [:firebase_analytics] AndroidManifest.xml:2:1-19:12
MERGED from [:firebase_auth] AndroidManifest.xml:2:1-15:12
MERGED from [:firebase_storage] AndroidManifest.xml:2:1-15:12
MERGED from [:firebase_messaging] AndroidManifest.xml:2:1-46:12
MERGED from [:firebase_core] AndroidManifest.xml:2:1-15:12
MERGED from [:image_picker_android] AndroidManifest.xml:2:1-19:12
MERGED from [:flutter_plugin_android_lifecycle] AndroidManifest.xml:2:1-7:12
MERGED from [:flutter_badger] AndroidManifest.xml:2:1-7:12
MERGED from [:flutter_login_facebook] AndroidManifest.xml:2:1-7:12
MERGED from [:flutter_local_notifications] AndroidManifest.xml:2:1-23:12
MERGED from [:url_launcher_android] AndroidManifest.xml:2:1-14:12
MERGED from [:admob_flutter] AndroidManifest.xml:2:1-9:12
MERGED from [:path_provider_android] AndroidManifest.xml:2:1-7:12
MERGED from [:share_plus] AndroidManifest.xml:2:1-19:12
MERGED from [:flutter_keyboard_visibility] AndroidManifest.xml:2:1-7:12
MERGED from [:package_info_plus] AndroidManifest.xml:2:1-7:12
MERGED from [:phone_number] AndroidManifest.xml:2:1-7:12
MERGED from [:google_sign_in] AndroidManifest.xml:2:1-9:12
MERGED from [:flutter_contacts] AndroidManifest.xml:2:1-7:12
MERGED from [androidx.multidex:multidex:2.0.1] AndroidManifest.xml:17:1-22:12
MERGED from [com.facebook.android:facebook-android-sdk:5.15.3] AndroidManifest.xml:21:1-31:12
MERGED from [com.facebook.android:facebook-login:12.3.0] AndroidManifest.xml:21:1-31:12
MERGED from [com.facebook.android:facebook-share:5.15.3] AndroidManifest.xml:21:1-31:12
MERGED from [com.facebook.android:facebook-places:5.15.3] AndroidManifest.xml:21:1-31:12
MERGED from [com.facebook.android:facebook-applinks:5.15.3] AndroidManifest.xml:21:1-31:12
MERGED from [com.facebook.android:facebook-messenger:5.15.3] AndroidManifest.xml:21:1-31:12
MERGED from [com.facebook.android:facebook-common:12.3.0] AndroidManifest.xml:21:1-52:12
MERGED from [com.facebook.android:facebook-core:12.3.0] AndroidManifest.xml:21:1-60:12
MERGED from [androidx.window:window-java:1.0.0-beta04] AndroidManifest.xml:17:1-23:12
MERGED from [androidx.window:window:1.0.0-beta04] AndroidManifest.xml:17:1-33:12
MERGED from [com.google.firebase:firebase-ads:19.1.0] AndroidManifest.xml:2:1-9:12
MERGED from [com.google.android.gms:play-services-ads:20.6.0] AndroidManifest.xml:17:1-25:12
MERGED from [com.google.firebase:firebase-analytics:20.1.2] AndroidManifest.xml:2:1-9:12
MERGED from [me.leolin:ShortcutBadger:1.1.22] AndroidManifest.xml:2:1-52:12
MERGED from [com.google.firebase:firebase-messaging:23.0.2] AndroidManifest.xml:17:1-61:12
MERGED from [com.google.firebase:firebase-datatransport:18.1.1] AndroidManifest.xml:15:1-34:12
MERGED from [com.google.android.datatransport:transport-backend-cct:3.1.2] AndroidManifest.xml:15:1-38:12
MERGED from [com.google.android.datatransport:transport-runtime:3.1.2] AndroidManifest.xml:15:1-41:12
MERGED from [com.google.firebase:firebase-encoders-json:18.0.0] AndroidManifest.xml:15:1-23:12
MERGED from [com.google.firebase:firebase-auth:21.0.3] AndroidManifest.xml:17:1-73:12
MERGED from [com.google.firebase:firebase-firestore:24.1.0] AndroidManifest.xml:2:1-26:12
MERGED from [com.google.firebase:firebase-storage:20.0.1] AndroidManifest.xml:15:1-39:12
MERGED from [com.google.android.gms:play-services-measurement-api:20.1.2] AndroidManifest.xml:17:1-37:12
MERGED from [com.google.firebase:firebase-appcheck-interop:16.0.0-beta05] AndroidManifest.xml:15:1-26:12
MERGED from [com.google.firebase:firebase-installations:17.0.1] AndroidManifest.xml:2:1-24:12
MERGED from [com.google.firebase:firebase-auth-interop:20.0.0] AndroidManifest.xml:2:1-10:12
MERGED from [com.google.firebase:firebase-common:20.1.0] AndroidManifest.xml:15:1-40:12
MERGED from [io.grpc:grpc-android:1.44.1] AndroidManifest.xml:2:1-11:12
MERGED from [androidx.core:core-ktx:1.7.0] AndroidManifest.xml:2:1-9:12
MERGED from [androidx.exifinterface:exifinterface:1.3.0] AndroidManifest.xml:17:1-24:12
MERGED from [com.google.android.gms:play-services-measurement:20.1.2] AndroidManifest.xml:17:1-46:12
MERGED from [androidx.browser:browser:1.0.0] AndroidManifest.xml:17:1-22:12
MERGED from [androidx.legacy:legacy-support-v4:1.0.0] AndroidManifest.xml:17:1-22:12
MERGED from [androidx.legacy:legacy-support-core-ui:1.0.0] AndroidManifest.xml:17:1-22:12
MERGED from [com.google.android.gms:play-services-measurement-sdk:20.1.2] AndroidManifest.xml:17:1-25:12
MERGED from [com.google.android.gms:play-services-measurement-impl:20.1.2] AndroidManifest.xml:17:1-32:12
MERGED from [com.google.android.gms:play-services-stats:17.0.2] AndroidManifest.xml:2:1-9:12
MERGED from [androidx.legacy:legacy-support-core-utils:1.0.0] AndroidManifest.xml:17:1-22:12
MERGED from [androidx.localbroadcastmanager:localbroadcastmanager:1.0.0] AndroidManifest.xml:17:1-22:12
MERGED from [com.google.android.gms:play-services-auth:20.0.1] AndroidManifest.xml:17:1-40:12
MERGED from [com.google.android.gms:play-services-ads-lite:20.6.0] AndroidManifest.xml:17:1-67:12
MERGED from [com.google.android.gms:play-services-ads-base:20.6.0] AndroidManifest.xml:2:1-9:12
MERGED from [com.google.android.gms:play-services-appset:16.0.0] AndroidManifest.xml:2:1-9:12
MERGED from [com.google.firebase:firebase-database-collection:18.0.1] AndroidManifest.xml:2:1-9:12
MERGED from [com.google.android.gms:play-services-auth-api-phone:18.0.1] AndroidManifest.xml:2:1-7:12
MERGED from [com.google.android.gms:play-services-auth-base:18.0.1] AndroidManifest.xml:2:1-7:12
MERGED from [com.google.android.gms:play-services-safetynet:17.0.0] AndroidManifest.xml:17:1-24:12
MERGED from [com.google.android.gms:play-services-base:18.0.1] AndroidManifest.xml:16:1-24:12
MERGED from [com.google.firebase:firebase-installations-interop:17.0.1] AndroidManifest.xml:15:1-23:12
MERGED from [com.google.android.gms:play-services-cloud-messaging:17.0.1] AndroidManifest.xml:2:1-13:12
MERGED from [com.google.firebase:firebase-iid-interop:17.1.0] AndroidManifest.xml:2:1-10:12
MERGED from [com.google.android.gms:play-services-tasks:18.0.1] AndroidManifest.xml:2:1-6:12
MERGED from [com.google.android.ump:user-messaging-platform:1.0.0] AndroidManifest.xml:2:1-7:12
MERGED from [com.google.android.gms:play-services-ads-identifier:18.0.0] AndroidManifest.xml:17:1-27:12
MERGED from [com.google.android.gms:play-services-measurement-sdk-api:20.1.2] AndroidManifest.xml:17:1-28:12
MERGED from [com.google.android.gms:play-services-measurement-base:20.1.2] AndroidManifest.xml:2:1-9:12
MERGED from [com.google.firebase:firebase-measurement-connector:19.0.0] AndroidManifest.xml:17:1-25:12
MERGED from [com.google.android.gms:play-services-basement:18.0.0] AndroidManifest.xml:16:1-26:12
MERGED from [androidx.appcompat:appcompat:1.1.0] AndroidManifest.xml:17:1-24:12
MERGED from [androidx.fragment:fragment:1.3.0] AndroidManifest.xml:17:1-24:12
MERGED from [androidx.activity:activity:1.2.0] AndroidManifest.xml:17:1-24:12
MERGED from [androidx.work:work-runtime:2.7.0] AndroidManifest.xml:17:1-145:12
MERGED from [androidx.startup:startup-runtime:1.0.0] AndroidManifest.xml:17:1-33:12
MERGED from [androidx.tracing:tracing:1.0.0] AndroidManifest.xml:17:1-24:12
MERGED from [com.google.firebase:firebase-components:17.0.0] AndroidManifest.xml:15:1-23:12
MERGED from [androidx.media:media:1.1.0] AndroidManifest.xml:17:1-24:12
MERGED from [androidx.loader:loader:1.0.0] AndroidManifest.xml:17:1-22:12
MERGED from [androidx.viewpager:viewpager:1.0.0] AndroidManifest.xml:17:1-22:12
MERGED from [androidx.appcompat:appcompat-resources:1.1.0] AndroidManifest.xml:17:1-24:12
MERGED from [androidx.drawerlayout:drawerlayout:1.0.0] AndroidManifest.xml:17:1-22:12
MERGED from [androidx.coordinatorlayout:coordinatorlayout:1.0.0] AndroidManifest.xml:17:1-22:12
MERGED from [androidx.slidingpanelayout:slidingpanelayout:1.0.0] AndroidManifest.xml:17:1-22:12
MERGED from [androidx.customview:customview:1.0.0] AndroidManifest.xml:17:1-22:12
MERGED from [androidx.swiperefreshlayout:swiperefreshlayout:1.0.0] AndroidManifest.xml:17:1-22:12
MERGED from [androidx.asynclayoutinflater:asynclayoutinflater:1.0.0] AndroidManifest.xml:17:1-22:12
MERGED from [androidx.vectordrawable:vectordrawable-animated:1.1.0] AndroidManifest.xml:17:1-24:12
MERGED from [androidx.vectordrawable:vectordrawable:1.1.0] AndroidManifest.xml:17:1-24:12
MERGED from [androidx.core:core:1.7.0] AndroidManifest.xml:17:1-26:12
MERGED from [androidx.interpolator:interpolator:1.0.0] AndroidManifest.xml:17:1-22:12
MERGED from [androidx.cardview:cardview:1.0.0] AndroidManifest.xml:17:1-22:12
MERGED from [androidx.cursoradapter:cursoradapter:1.0.0] AndroidManifest.xml:17:1-22:12
MERGED from [com.google.android.datatransport:transport-api:3.0.0] AndroidManifest.xml:15:1-22:12
MERGED from [androidx.lifecycle:lifecycle-service:2.1.0] AndroidManifest.xml:17:1-22:12
MERGED from [androidx.lifecycle:lifecycle-runtime:2.3.1] AndroidManifest.xml:17:1-24:12
MERGED from [androidx.versionedparcelable:versionedparcelable:1.1.1] AndroidManifest.xml:17:1-27:12
MERGED from [androidx.room:room-runtime:2.2.5] AndroidManifest.xml:17:1-31:12
MERGED from [androidx.sqlite:sqlite-framework:2.1.0] AndroidManifest.xml:17:1-24:12
MERGED from [androidx.sqlite:sqlite:2.1.0] AndroidManifest.xml:17:1-24:12
MERGED from [androidx.documentfile:documentfile:1.0.0] AndroidManifest.xml:17:1-22:12
MERGED from [androidx.print:print:1.0.0] AndroidManifest.xml:17:1-22:12
MERGED from [androidx.lifecycle:lifecycle-viewmodel-savedstate:2.3.0] AndroidManifest.xml:17:1-24:12
MERGED from [androidx.lifecycle:lifecycle-viewmodel:2.3.0] AndroidManifest.xml:17:1-24:12
MERGED from [androidx.savedstate:savedstate:1.1.0] AndroidManifest.xml:17:1-24:12
MERGED from [androidx.lifecycle:lifecycle-livedata:2.1.0] AndroidManifest.xml:17:1-22:12
MERGED from [androidx.lifecycle:lifecycle-livedata-core:2.3.0] AndroidManifest.xml:17:1-24:12
MERGED from [androidx.arch.core:core-runtime:2.1.0] AndroidManifest.xml:17:1-24:12
MERGED from [com.jakewharton.threetenabp:threetenabp:1.2.3] AndroidManifest.xml:2:1-9:12
MERGED from [com.google.firebase:protolite-well-known-types:18.0.0] AndroidManifest.xml:2:1-11:12
MERGED from [com.android.installreferrer:installreferrer:1.0] AndroidManifest.xml:2:1-13:12
MERGED from [androidx.annotation:annotation-experimental:1.1.0] AndroidManifest.xml:17:1-24:12
INJECTED from src\debug\AndroidManifest.xml:1:1-7:12
INJECTED from src\debug\AndroidManifest.xml:1:1-7:12
INJECTED from src\debug\AndroidManifest.xml:1:1-7:12
	package
		ADDED from src\main\AndroidManifest.xml:2:5-38
		INJECTED from src\main\AndroidManifest.xml
		INJECTED from src\debug\AndroidManifest.xml
	android:versionName
		INJECTED from src\main\AndroidManifest.xml
		ADDED from src\main\AndroidManifest.xml:1:1-108:12
		INJECTED from src\debug\AndroidManifest.xml
	android:versionCode
		INJECTED from src\main\AndroidManifest.xml
		ADDED from src\main\AndroidManifest.xml:1:1-108:12
		INJECTED from src\debug\AndroidManifest.xml
	xmlns:android
		ADDED from src\main\AndroidManifest.xml:1:11-69
uses-permission#android.permission.INTERNET
ADDED from src\main\AndroidManifest.xml:3:5-66
MERGED from src\main\AndroidManifest.xml:3:5-66
MERGED from src\main\AndroidManifest.xml:3:5-66
MERGED from [:firebase_analytics] AndroidManifest.xml:8:5-67
MERGED from [:firebase_analytics] AndroidManifest.xml:8:5-67
MERGED from [:firebase_messaging] AndroidManifest.xml:7:5-67
MERGED from [:firebase_messaging] AndroidManifest.xml:7:5-67
MERGED from [:admob_flutter] AndroidManifest.xml:7:5-67
MERGED from [:admob_flutter] AndroidManifest.xml:7:5-67
MERGED from [:google_sign_in] AndroidManifest.xml:7:5-67
MERGED from [:google_sign_in] AndroidManifest.xml:7:5-67
MERGED from [com.google.android.datatransport:transport-backend-cct:3.1.2] AndroidManifest.xml:26:5-67
MERGED from [com.google.android.datatransport:transport-backend-cct:3.1.2] AndroidManifest.xml:26:5-67
MERGED from [com.google.firebase:firebase-auth:21.0.3] AndroidManifest.xml:23:5-67
MERGED from [com.google.firebase:firebase-auth:21.0.3] AndroidManifest.xml:23:5-67
MERGED from [com.google.firebase:firebase-firestore:24.1.0] AndroidManifest.xml:14:5-67
MERGED from [com.google.firebase:firebase-firestore:24.1.0] AndroidManifest.xml:14:5-67
MERGED from [com.google.firebase:firebase-storage:20.0.1] AndroidManifest.xml:27:5-67
MERGED from [com.google.firebase:firebase-storage:20.0.1] AndroidManifest.xml:27:5-67
MERGED from [com.google.android.gms:play-services-measurement-api:20.1.2] AndroidManifest.xml:22:5-67
MERGED from [com.google.android.gms:play-services-measurement-api:20.1.2] AndroidManifest.xml:22:5-67
MERGED from [com.google.firebase:firebase-installations:17.0.1] AndroidManifest.xml:11:5-67
MERGED from [com.google.firebase:firebase-installations:17.0.1] AndroidManifest.xml:11:5-67
MERGED from [com.google.android.gms:play-services-measurement:20.1.2] AndroidManifest.xml:23:5-67
MERGED from [com.google.android.gms:play-services-measurement:20.1.2] AndroidManifest.xml:23:5-67
MERGED from [com.google.android.gms:play-services-measurement-impl:20.1.2] AndroidManifest.xml:23:5-67
MERGED from [com.google.android.gms:play-services-measurement-impl:20.1.2] AndroidManifest.xml:23:5-67
MERGED from [com.google.android.gms:play-services-ads-lite:20.6.0] AndroidManifest.xml:23:5-67
MERGED from [com.google.android.gms:play-services-ads-lite:20.6.0] AndroidManifest.xml:23:5-67
MERGED from [com.google.android.gms:play-services-cloud-messaging:17.0.1] AndroidManifest.xml:8:5-67
MERGED from [com.google.android.gms:play-services-cloud-messaging:17.0.1] AndroidManifest.xml:8:5-67
MERGED from [com.google.android.gms:play-services-measurement-sdk-api:20.1.2] AndroidManifest.xml:23:5-67
MERGED from [com.google.android.gms:play-services-measurement-sdk-api:20.1.2] AndroidManifest.xml:23:5-67
	android:name
		ADDED from src\main\AndroidManifest.xml:3:22-64
uses-permission#com.android.launcher.permission.READ_SETTINGS
ADDED from src\main\AndroidManifest.xml:4:5-85
	android:name
		ADDED from src\main\AndroidManifest.xml:4:22-82
uses-permission#com.android.launcher.permission.WRITE_SETTINGS
ADDED from src\main\AndroidManifest.xml:5:5-86
	android:name
		ADDED from src\main\AndroidManifest.xml:5:22-83
uses-permission#com.sec.android.provider.badge.permission.READ
ADDED from src\main\AndroidManifest.xml:6:5-86
MERGED from [me.leolin:ShortcutBadger:1.1.22] AndroidManifest.xml:19:5-86
MERGED from [me.leolin:ShortcutBadger:1.1.22] AndroidManifest.xml:19:5-86
	android:name
		ADDED from src\main\AndroidManifest.xml:6:22-83
uses-permission#com.sec.android.provider.badge.permission.WRITE
ADDED from src\main\AndroidManifest.xml:7:5-87
MERGED from [me.leolin:ShortcutBadger:1.1.22] AndroidManifest.xml:20:5-87
MERGED from [me.leolin:ShortcutBadger:1.1.22] AndroidManifest.xml:20:5-87
	android:name
		ADDED from src\main\AndroidManifest.xml:7:22-84
uses-permission#com.sonyericsson.home.permission.BROADCAST_BADGE
ADDED from src\main\AndroidManifest.xml:8:5-88
MERGED from [me.leolin:ShortcutBadger:1.1.22] AndroidManifest.xml:27:5-88
MERGED from [me.leolin:ShortcutBadger:1.1.22] AndroidManifest.xml:27:5-88
	android:name
		ADDED from src\main\AndroidManifest.xml:8:22-85
uses-permission#com.htc.launcher.permission.READ_SETTINGS
ADDED from src\main\AndroidManifest.xml:9:5-81
MERGED from [me.leolin:ShortcutBadger:1.1.22] AndroidManifest.xml:23:5-81
MERGED from [me.leolin:ShortcutBadger:1.1.22] AndroidManifest.xml:23:5-81
	android:name
		ADDED from src\main\AndroidManifest.xml:9:22-78
uses-permission#com.htc.launcher.permission.UPDATE_SHORTCUT
ADDED from src\main\AndroidManifest.xml:10:5-83
MERGED from [me.leolin:ShortcutBadger:1.1.22] AndroidManifest.xml:24:5-83
MERGED from [me.leolin:ShortcutBadger:1.1.22] AndroidManifest.xml:24:5-83
	android:name
		ADDED from src\main\AndroidManifest.xml:10:22-80
uses-permission#android.permission.VIBRATE
ADDED from src\main\AndroidManifest.xml:11:5-66
MERGED from [:flutter_local_notifications] AndroidManifest.xml:8:5-66
MERGED from [:flutter_local_notifications] AndroidManifest.xml:8:5-66
	android:name
		ADDED from src\main\AndroidManifest.xml:11:22-63
uses-permission#android.permission.RECEIVE_BOOT_COMPLETED
ADDED from src\main\AndroidManifest.xml:12:5-80
MERGED from [:flutter_local_notifications] AndroidManifest.xml:7:5-81
MERGED from [:flutter_local_notifications] AndroidManifest.xml:7:5-81
MERGED from [androidx.work:work-runtime:2.7.0] AndroidManifest.xml:27:5-81
MERGED from [androidx.work:work-runtime:2.7.0] AndroidManifest.xml:27:5-81
	android:name
		ADDED from src\main\AndroidManifest.xml:12:22-78
uses-permission#android.permission.BLUETOOTH
ADDED from src\main\AndroidManifest.xml:14:9-15:42
	android:maxSdkVersion
		ADDED from src\main\AndroidManifest.xml:15:13-39
	android:name
		ADDED from src\main\AndroidManifest.xml:14:26-69
uses-permission#android.permission.BLUETOOTH_ADMIN
ADDED from src\main\AndroidManifest.xml:16:9-17:42
	android:maxSdkVersion
		ADDED from src\main\AndroidManifest.xml:17:13-39
	android:name
		ADDED from src\main\AndroidManifest.xml:16:26-75
uses-permission#android.permission.BLUETOOTH_SCAN
ADDED from src\main\AndroidManifest.xml:18:9-77
	android:name
		ADDED from src\main\AndroidManifest.xml:18:26-74
uses-permission#android.permission.BLUETOOTH_ADVERTISE
ADDED from src\main\AndroidManifest.xml:19:9-82
	android:name
		ADDED from src\main\AndroidManifest.xml:19:26-79
uses-permission#android.permission.BLUETOOTH_CONNECT
ADDED from src\main\AndroidManifest.xml:20:9-80
	android:name
		ADDED from src\main\AndroidManifest.xml:20:26-77
uses-permission#android.permission.ACCESS_FINE_LOCATION
ADDED from src\main\AndroidManifest.xml:21:9-83
	android:name
		ADDED from src\main\AndroidManifest.xml:21:26-80
queries
ADDED from src\main\AndroidManifest.xml:22:5-25:15
MERGED from [com.google.android.gms:play-services-ads-lite:20.6.0] AndroidManifest.xml:28:5-44:15
MERGED from [com.google.android.gms:play-services-ads-lite:20.6.0] AndroidManifest.xml:28:5-44:15
provider
ADDED from src\main\AndroidManifest.xml:23:9-89
	android:authorities
		ADDED from src\main\AndroidManifest.xml:23:19-86
application
ADDED from src\main\AndroidManifest.xml:26:5-107:19
MERGED from [:cloud_firestore] AndroidManifest.xml:7:5-13:19
MERGED from [:cloud_firestore] AndroidManifest.xml:7:5-13:19
MERGED from [:firebase_analytics] AndroidManifest.xml:11:5-17:19
MERGED from [:firebase_analytics] AndroidManifest.xml:11:5-17:19
MERGED from [:firebase_auth] AndroidManifest.xml:7:5-13:19
MERGED from [:firebase_auth] AndroidManifest.xml:7:5-13:19
MERGED from [:firebase_storage] AndroidManifest.xml:7:5-13:19
MERGED from [:firebase_storage] AndroidManifest.xml:7:5-13:19
MERGED from [:firebase_messaging] AndroidManifest.xml:11:5-44:19
MERGED from [:firebase_messaging] AndroidManifest.xml:11:5-44:19
MERGED from [:firebase_core] AndroidManifest.xml:7:5-13:19
MERGED from [:firebase_core] AndroidManifest.xml:7:5-13:19
MERGED from [:image_picker_android] AndroidManifest.xml:7:5-17:19
MERGED from [:image_picker_android] AndroidManifest.xml:7:5-17:19
MERGED from [:flutter_local_notifications] AndroidManifest.xml:11:5-21:19
MERGED from [:flutter_local_notifications] AndroidManifest.xml:11:5-21:19
MERGED from [:url_launcher_android] AndroidManifest.xml:7:5-12:19
MERGED from [:url_launcher_android] AndroidManifest.xml:7:5-12:19
MERGED from [:share_plus] AndroidManifest.xml:7:5-17:19
MERGED from [:share_plus] AndroidManifest.xml:7:5-17:19
MERGED from [com.facebook.android:facebook-android-sdk:5.15.3] AndroidManifest.xml:28:5-29:19
MERGED from [com.facebook.android:facebook-android-sdk:5.15.3] AndroidManifest.xml:28:5-29:19
MERGED from [com.facebook.android:facebook-login:12.3.0] AndroidManifest.xml:28:5-29:19
MERGED from [com.facebook.android:facebook-login:12.3.0] AndroidManifest.xml:28:5-29:19
MERGED from [com.facebook.android:facebook-share:5.15.3] AndroidManifest.xml:28:5-29:19
MERGED from [com.facebook.android:facebook-share:5.15.3] AndroidManifest.xml:28:5-29:19
MERGED from [com.facebook.android:facebook-places:5.15.3] AndroidManifest.xml:28:5-29:19
MERGED from [com.facebook.android:facebook-places:5.15.3] AndroidManifest.xml:28:5-29:19
MERGED from [com.facebook.android:facebook-applinks:5.15.3] AndroidManifest.xml:28:5-29:19
MERGED from [com.facebook.android:facebook-applinks:5.15.3] AndroidManifest.xml:28:5-29:19
MERGED from [com.facebook.android:facebook-messenger:5.15.3] AndroidManifest.xml:28:5-29:19
MERGED from [com.facebook.android:facebook-messenger:5.15.3] AndroidManifest.xml:28:5-29:19
MERGED from [com.facebook.android:facebook-common:12.3.0] AndroidManifest.xml:29:5-50:19
MERGED from [com.facebook.android:facebook-common:12.3.0] AndroidManifest.xml:29:5-50:19
MERGED from [com.facebook.android:facebook-core:12.3.0] AndroidManifest.xml:28:5-58:19
MERGED from [com.facebook.android:facebook-core:12.3.0] AndroidManifest.xml:28:5-58:19
MERGED from [androidx.window:window:1.0.0-beta04] AndroidManifest.xml:24:5-31:19
MERGED from [androidx.window:window:1.0.0-beta04] AndroidManifest.xml:24:5-31:19
MERGED from [com.google.firebase:firebase-ads:19.1.0] AndroidManifest.xml:7:5-20
MERGED from [com.google.firebase:firebase-ads:19.1.0] AndroidManifest.xml:7:5-20
MERGED from [com.google.firebase:firebase-analytics:20.1.2] AndroidManifest.xml:7:5-20
MERGED from [com.google.firebase:firebase-analytics:20.1.2] AndroidManifest.xml:7:5-20
MERGED from [com.google.firebase:firebase-messaging:23.0.2] AndroidManifest.xml:30:5-59:19
MERGED from [com.google.firebase:firebase-messaging:23.0.2] AndroidManifest.xml:30:5-59:19
MERGED from [com.google.firebase:firebase-datatransport:18.1.1] AndroidManifest.xml:24:5-32:19
MERGED from [com.google.firebase:firebase-datatransport:18.1.1] AndroidManifest.xml:24:5-32:19
MERGED from [com.google.android.datatransport:transport-backend-cct:3.1.2] AndroidManifest.xml:28:5-36:19
MERGED from [com.google.android.datatransport:transport-backend-cct:3.1.2] AndroidManifest.xml:28:5-36:19
MERGED from [com.google.android.datatransport:transport-runtime:3.1.2] AndroidManifest.xml:25:5-39:19
MERGED from [com.google.android.datatransport:transport-runtime:3.1.2] AndroidManifest.xml:25:5-39:19
MERGED from [com.google.firebase:firebase-auth:21.0.3] AndroidManifest.xml:26:5-71:19
MERGED from [com.google.firebase:firebase-auth:21.0.3] AndroidManifest.xml:26:5-71:19
MERGED from [com.google.firebase:firebase-firestore:24.1.0] AndroidManifest.xml:16:5-24:19
MERGED from [com.google.firebase:firebase-firestore:24.1.0] AndroidManifest.xml:16:5-24:19
MERGED from [com.google.firebase:firebase-storage:20.0.1] AndroidManifest.xml:29:5-37:19
MERGED from [com.google.firebase:firebase-storage:20.0.1] AndroidManifest.xml:29:5-37:19
MERGED from [com.google.android.gms:play-services-measurement-api:20.1.2] AndroidManifest.xml:27:5-35:19
MERGED from [com.google.android.gms:play-services-measurement-api:20.1.2] AndroidManifest.xml:27:5-35:19
MERGED from [com.google.firebase:firebase-appcheck-interop:16.0.0-beta05] AndroidManifest.xml:24:5-20
MERGED from [com.google.firebase:firebase-appcheck-interop:16.0.0-beta05] AndroidManifest.xml:24:5-20
MERGED from [com.google.firebase:firebase-installations:17.0.1] AndroidManifest.xml:14:5-22:19
MERGED from [com.google.firebase:firebase-installations:17.0.1] AndroidManifest.xml:14:5-22:19
MERGED from [com.google.firebase:firebase-auth-interop:20.0.0] AndroidManifest.xml:7:5-8:19
MERGED from [com.google.firebase:firebase-auth-interop:20.0.0] AndroidManifest.xml:7:5-8:19
MERGED from [com.google.firebase:firebase-common:20.1.0] AndroidManifest.xml:25:5-38:19
MERGED from [com.google.firebase:firebase-common:20.1.0] AndroidManifest.xml:25:5-38:19
MERGED from [com.google.android.gms:play-services-measurement:20.1.2] AndroidManifest.xml:28:5-44:19
MERGED from [com.google.android.gms:play-services-measurement:20.1.2] AndroidManifest.xml:28:5-44:19
MERGED from [com.google.android.gms:play-services-measurement-sdk:20.1.2] AndroidManifest.xml:22:5-23:19
MERGED from [com.google.android.gms:play-services-measurement-sdk:20.1.2] AndroidManifest.xml:22:5-23:19
MERGED from [com.google.android.gms:play-services-measurement-impl:20.1.2] AndroidManifest.xml:29:5-30:19
MERGED from [com.google.android.gms:play-services-measurement-impl:20.1.2] AndroidManifest.xml:29:5-30:19
MERGED from [com.google.android.gms:play-services-stats:17.0.2] AndroidManifest.xml:7:5-20
MERGED from [com.google.android.gms:play-services-stats:17.0.2] AndroidManifest.xml:7:5-20
MERGED from [com.google.android.gms:play-services-auth:20.0.1] AndroidManifest.xml:22:5-38:19
MERGED from [com.google.android.gms:play-services-auth:20.0.1] AndroidManifest.xml:22:5-38:19
MERGED from [com.google.android.gms:play-services-ads-lite:20.6.0] AndroidManifest.xml:46:5-65:19
MERGED from [com.google.android.gms:play-services-ads-lite:20.6.0] AndroidManifest.xml:46:5-65:19
MERGED from [com.google.android.gms:play-services-ads-base:20.6.0] AndroidManifest.xml:7:5-20
MERGED from [com.google.android.gms:play-services-ads-base:20.6.0] AndroidManifest.xml:7:5-20
MERGED from [com.google.android.gms:play-services-appset:16.0.0] AndroidManifest.xml:7:5-20
MERGED from [com.google.android.gms:play-services-appset:16.0.0] AndroidManifest.xml:7:5-20
MERGED from [com.google.android.gms:play-services-safetynet:17.0.0] AndroidManifest.xml:22:5-20
MERGED from [com.google.android.gms:play-services-safetynet:17.0.0] AndroidManifest.xml:22:5-20
MERGED from [com.google.android.gms:play-services-base:18.0.1] AndroidManifest.xml:19:5-23:19
MERGED from [com.google.android.gms:play-services-base:18.0.1] AndroidManifest.xml:19:5-23:19
MERGED from [com.google.firebase:firebase-iid-interop:17.1.0] AndroidManifest.xml:7:5-8:19
MERGED from [com.google.firebase:firebase-iid-interop:17.1.0] AndroidManifest.xml:7:5-8:19
MERGED from [com.google.android.gms:play-services-tasks:18.0.1] AndroidManifest.xml:5:5-20
MERGED from [com.google.android.gms:play-services-tasks:18.0.1] AndroidManifest.xml:5:5-20
MERGED from [com.google.android.gms:play-services-ads-identifier:18.0.0] AndroidManifest.xml:25:5-20
MERGED from [com.google.android.gms:play-services-ads-identifier:18.0.0] AndroidManifest.xml:25:5-20
MERGED from [com.google.android.gms:play-services-measurement-base:20.1.2] AndroidManifest.xml:7:5-20
MERGED from [com.google.android.gms:play-services-measurement-base:20.1.2] AndroidManifest.xml:7:5-20
MERGED from [com.google.firebase:firebase-measurement-connector:19.0.0] AndroidManifest.xml:22:5-23:19
MERGED from [com.google.firebase:firebase-measurement-connector:19.0.0] AndroidManifest.xml:22:5-23:19
MERGED from [com.google.android.gms:play-services-basement:18.0.0] AndroidManifest.xml:20:5-24:19
MERGED from [com.google.android.gms:play-services-basement:18.0.0] AndroidManifest.xml:20:5-24:19
MERGED from [androidx.work:work-runtime:2.7.0] AndroidManifest.xml:30:5-143:19
MERGED from [androidx.work:work-runtime:2.7.0] AndroidManifest.xml:30:5-143:19
MERGED from [androidx.startup:startup-runtime:1.0.0] AndroidManifest.xml:25:5-31:19
MERGED from [androidx.startup:startup-runtime:1.0.0] AndroidManifest.xml:25:5-31:19
MERGED from [androidx.core:core:1.7.0] AndroidManifest.xml:24:5-89
MERGED from [androidx.core:core:1.7.0] AndroidManifest.xml:24:5-89
MERGED from [androidx.versionedparcelable:versionedparcelable:1.1.1] AndroidManifest.xml:24:5-25:19
MERGED from [androidx.versionedparcelable:versionedparcelable:1.1.1] AndroidManifest.xml:24:5-25:19
MERGED from [androidx.room:room-runtime:2.2.5] AndroidManifest.xml:24:5-29:19
MERGED from [androidx.room:room-runtime:2.2.5] AndroidManifest.xml:24:5-29:19
MERGED from [com.jakewharton.threetenabp:threetenabp:1.2.3] AndroidManifest.xml:7:5-20
MERGED from [com.jakewharton.threetenabp:threetenabp:1.2.3] AndroidManifest.xml:7:5-20
MERGED from [com.android.installreferrer:installreferrer:1.0] AndroidManifest.xml:11:5-20
MERGED from [com.android.installreferrer:installreferrer:1.0] AndroidManifest.xml:11:5-20
	android:appComponentFactory
		ADDED from [androidx.core:core:1.7.0] AndroidManifest.xml:24:18-86
	android:supportsRtl
		ADDED from [com.facebook.android:facebook-android-sdk:5.15.3] AndroidManifest.xml:28:18-44
	android:label
		ADDED from src\main\AndroidManifest.xml:27:9-28
	android:icon
		ADDED from src\main\AndroidManifest.xml:28:9-43
receiver#com.dexterous.flutterlocalnotifications.ScheduledNotificationBootReceiver
ADDED from src\main\AndroidManifest.xml:29:9-33:20
MERGED from [:flutter_local_notifications] AndroidManifest.xml:13:9-20:20
MERGED from [:flutter_local_notifications] AndroidManifest.xml:13:9-20:20
	android:name
		ADDED from src\main\AndroidManifest.xml:29:19-107
intent-filter#action:name:android.intent.action.BOOT_COMPLETED
ADDED from src\main\AndroidManifest.xml:30:13-32:29
action#android.intent.action.BOOT_COMPLETED
ADDED from src\main\AndroidManifest.xml:31:17-86
	android:name
		ADDED from src\main\AndroidManifest.xml:31:25-76
receiver#com.dexterous.flutterlocalnotifications.ScheduledNotificationReceiver
ADDED from src\main\AndroidManifest.xml:34:9-106
MERGED from [:flutter_local_notifications] AndroidManifest.xml:12:9-106
MERGED from [:flutter_local_notifications] AndroidManifest.xml:12:9-106
	android:name
		ADDED from src\main\AndroidManifest.xml:34:19-103
meta-data#com.facebook.sdk.ApplicationId
ADDED from src\main\AndroidManifest.xml:35:9-36:54
	android:value
		ADDED from src\main\AndroidManifest.xml:36:13-52
	android:name
		ADDED from src\main\AndroidManifest.xml:35:20-65
meta-data#com.google.android.gms.ads.APPLICATION_ID
ADDED from src\main\AndroidManifest.xml:37:9-39:69
	android:value